<?xml version="1.0" encoding="UTF-8"?>
<testng-results skipped="0" failed="0" ignored="0" total="1" passed="1">
  <reporter-output>
  </reporter-output>
  <suite name="Suite" duration-ms="31" started-at="2018-12-26T11:13:44Z" finished-at="2018-12-26T11:13:44Z">
    <groups>
    </groups>
    <test name="Test" duration-ms="31" started-at="2018-12-26T11:13:44Z" finished-at="2018-12-26T11:13:44Z">
      <class name="kirkiri.two">
        <test-method status="PASS" signature="teesst()[pri:0, instance:kirkiri.two@31b7dea0]" name="teesst" duration-ms="15" started-at="2018-12-26T11:13:44Z" finished-at="2018-12-26T11:13:44Z">
          <reporter-output>
          </reporter-output>
        </test-method> <!-- teesst -->
      </class> <!-- kirkiri.two -->
    </test> <!-- Test -->
  </suite> <!-- Suite -->
</testng-results>
